Info:pThreadUtils: started thread outputPort_3_Daemon
[115]outputPort_3_Daemon>	state_summary
[115]outputPort_3_Daemon>		active_packet		:= 0x0
[115]outputPort_3_Daemon>		down_counter		:= 0x0000
[115]outputPort_3_Daemon>		priority_queue		:= 0x1
[115]outputPort_3_Daemon>		read_from_1		:= 0x0
[115]outputPort_3_Daemon>		pkt_1_e_word		:= 0x000000000
[115]outputPort_3_Daemon>		read_from_2		:= 0x0
[115]outputPort_3_Daemon>		pkt_2_e_word		:= 0x000000000
[115]outputPort_3_Daemon>		read_from_3		:= 0x1
[115]outputPort_3_Daemon>		pkt_3_e_word		:= 0x000000000
[115]outputPort_3_Daemon>		read_from_4		:= 0x1
[115]outputPort_3_Daemon>		pkt_4_e_word		:= 0x000000000
[122]outputPort_3_Daemon>	send_information
[122]outputPort_3_Daemon>		started_new_packet		:= 0x0
[122]outputPort_3_Daemon>		next_active_packet		:= 0x0
[122]outputPort_3_Daemon>		send_flag		:= 0x0
[122]outputPort_3_Daemon>		p1_valid		:= 0x0
[122]outputPort_3_Daemon>		p2_valid		:= 0x0
[122]outputPort_3_Daemon>		p3_valid		:= 0x0
[122]outputPort_3_Daemon>		p4_valid		:= 0x0
[134]outputPort_3_Daemon>	state_summary
[134]outputPort_3_Daemon>		active_packet		:= 0x0
[134]outputPort_3_Daemon>		down_counter		:= 0x0000
[134]outputPort_3_Daemon>		priority_queue		:= 0x1
[134]outputPort_3_Daemon>		read_from_1		:= 0x1
[134]outputPort_3_Daemon>		pkt_1_e_word		:= 0x000000000
[134]outputPort_3_Daemon>		read_from_2		:= 0x1
[134]outputPort_3_Daemon>		pkt_2_e_word		:= 0x103003802
[134]outputPort_3_Daemon>		read_from_3		:= 0x1
[134]outputPort_3_Daemon>		pkt_3_e_word		:= 0x000000000
[134]outputPort_3_Daemon>		read_from_4		:= 0x1
[134]outputPort_3_Daemon>		pkt_4_e_word		:= 0x000000000
[145]outputPort_3_Daemon>	send_information
[145]outputPort_3_Daemon>		started_new_packet		:= 0x1
[145]outputPort_3_Daemon>		next_active_packet		:= 0x2
[145]outputPort_3_Daemon>		send_flag		:= 0x1
[145]outputPort_3_Daemon>		p1_valid		:= 0x0
[145]outputPort_3_Daemon>		p2_valid		:= 0x1
[145]outputPort_3_Daemon>		p3_valid		:= 0x0
[145]outputPort_3_Daemon>		p4_valid		:= 0x0
[150]outputPort_3_Daemon>	state_summary
[150]outputPort_3_Daemon>		active_packet		:= 0x2
[150]outputPort_3_Daemon>		down_counter		:= 0x0037
[150]outputPort_3_Daemon>		priority_queue		:= 0x2
[150]outputPort_3_Daemon>		read_from_1		:= 0x1
[150]outputPort_3_Daemon>		pkt_1_e_word		:= 0x000000000
[150]outputPort_3_Daemon>		read_from_2		:= 0x1
[150]outputPort_3_Daemon>		pkt_2_e_word		:= 0x100000001
[150]outputPort_3_Daemon>		read_from_3		:= 0x1
[150]outputPort_3_Daemon>		pkt_3_e_word		:= 0x000000000
[150]outputPort_3_Daemon>		read_from_4		:= 0x1
[150]outputPort_3_Daemon>		pkt_4_e_word		:= 0x000000000
[155]outputPort_3_Daemon>	send_information
[155]outputPort_3_Daemon>		started_new_packet		:= 0x0
[155]outputPort_3_Daemon>		next_active_packet		:= 0x2
[155]outputPort_3_Daemon>		send_flag		:= 0x1
[155]outputPort_3_Daemon>		p1_valid		:= 0x0
[155]outputPort_3_Daemon>		p2_valid		:= 0x1
[155]outputPort_3_Daemon>		p3_valid		:= 0x0
[155]outputPort_3_Daemon>		p4_valid		:= 0x0
[156]outputPort_3_Daemon>	state_summary
[156]outputPort_3_Daemon>		active_packet		:= 0x2
[156]outputPort_3_Daemon>		down_counter		:= 0x0036
[156]outputPort_3_Daemon>		priority_queue		:= 0x2
[156]outputPort_3_Daemon>		read_from_1		:= 0x1
[156]outputPort_3_Daemon>		pkt_1_e_word		:= 0x000000000
[156]outputPort_3_Daemon>		read_from_2		:= 0x1
[156]outputPort_3_Daemon>		pkt_2_e_word		:= 0x100000002
[156]outputPort_3_Daemon>		read_from_3		:= 0x1
[156]outputPort_3_Daemon>		pkt_3_e_word		:= 0x000000000
[156]outputPort_3_Daemon>		read_from_4		:= 0x1
[156]outputPort_3_Daemon>		pkt_4_e_word		:= 0x000000000
[322]outputPort_3_Daemon>	send_information
[322]outputPort_3_Daemon>		started_new_packet		:= 0x0
[322]outputPort_3_Daemon>		next_active_packet		:= 0x2
[322]outputPort_3_Daemon>		send_flag		:= 0x1
[322]outputPort_3_Daemon>		p1_valid		:= 0x0
[322]outputPort_3_Daemon>		p2_valid		:= 0x1
[322]outputPort_3_Daemon>		p3_valid		:= 0x0
[322]outputPort_3_Daemon>		p4_valid		:= 0x0
[330]outputPort_3_Daemon>	state_summary
[330]outputPort_3_Daemon>		active_packet		:= 0x2
[330]outputPort_3_Daemon>		down_counter		:= 0x0035
[330]outputPort_3_Daemon>		priority_queue		:= 0x2
[330]outputPort_3_Daemon>		read_from_1		:= 0x1
[330]outputPort_3_Daemon>		pkt_1_e_word		:= 0x000000000
[330]outputPort_3_Daemon>		read_from_2		:= 0x1
[330]outputPort_3_Daemon>		pkt_2_e_word		:= 0x100000003
[330]outputPort_3_Daemon>		read_from_3		:= 0x1
[330]outputPort_3_Daemon>		pkt_3_e_word		:= 0x000000000
[330]outputPort_3_Daemon>		read_from_4		:= 0x1
[330]outputPort_3_Daemon>		pkt_4_e_word		:= 0x000000000
[361]outputPort_3_Daemon>	send_information
[361]outputPort_3_Daemon>		started_new_packet		:= 0x0
[361]outputPort_3_Daemon>		next_active_packet		:= 0x2
[361]outputPort_3_Daemon>		send_flag		:= 0x1
[361]outputPort_3_Daemon>		p1_valid		:= 0x0
[361]outputPort_3_Daemon>		p2_valid		:= 0x1
[361]outputPort_3_Daemon>		p3_valid		:= 0x0
[361]outputPort_3_Daemon>		p4_valid		:= 0x0
[371]outputPort_3_Daemon>	state_summary
[371]outputPort_3_Daemon>		active_packet		:= 0x2
[371]outputPort_3_Daemon>		down_counter		:= 0x0034
[371]outputPort_3_Daemon>		priority_queue		:= 0x2
[371]outputPort_3_Daemon>		read_from_1		:= 0x1
[371]outputPort_3_Daemon>		pkt_1_e_word		:= 0x000000000
[371]outputPort_3_Daemon>		read_from_2		:= 0x1
[371]outputPort_3_Daemon>		pkt_2_e_word		:= 0x100000004
[371]outputPort_3_Daemon>		read_from_3		:= 0x1
[371]outputPort_3_Daemon>		pkt_3_e_word		:= 0x000000000
[371]outputPort_3_Daemon>		read_from_4		:= 0x1
[371]outputPort_3_Daemon>		pkt_4_e_word		:= 0x000000000
[391]outputPort_3_Daemon>	send_information
[391]outputPort_3_Daemon>		started_new_packet		:= 0x0
[391]outputPort_3_Daemon>		next_active_packet		:= 0x2
[391]outputPort_3_Daemon>		send_flag		:= 0x1
[391]outputPort_3_Daemon>		p1_valid		:= 0x0
[391]outputPort_3_Daemon>		p2_valid		:= 0x1
[391]outputPort_3_Daemon>		p3_valid		:= 0x0
[391]outputPort_3_Daemon>		p4_valid		:= 0x0
[393]outputPort_3_Daemon>	state_summary
[393]outputPort_3_Daemon>		active_packet		:= 0x2
[393]outputPort_3_Daemon>		down_counter		:= 0x0033
[393]outputPort_3_Daemon>		priority_queue		:= 0x2
[393]outputPort_3_Daemon>		read_from_1		:= 0x1
[393]outputPort_3_Daemon>		pkt_1_e_word		:= 0x000000000
[393]outputPort_3_Daemon>		read_from_2		:= 0x1
[393]outputPort_3_Daemon>		pkt_2_e_word		:= 0x100000005
[393]outputPort_3_Daemon>		read_from_3		:= 0x1
[393]outputPort_3_Daemon>		pkt_3_e_word		:= 0x000000000
[393]outputPort_3_Daemon>		read_from_4		:= 0x1
[393]outputPort_3_Daemon>		pkt_4_e_word		:= 0x000000000
[402]outputPort_3_Daemon>	send_information
[402]outputPort_3_Daemon>		started_new_packet		:= 0x0
[402]outputPort_3_Daemon>		next_active_packet		:= 0x2
[402]outputPort_3_Daemon>		send_flag		:= 0x1
[402]outputPort_3_Daemon>		p1_valid		:= 0x0
[402]outputPort_3_Daemon>		p2_valid		:= 0x1
[402]outputPort_3_Daemon>		p3_valid		:= 0x0
[402]outputPort_3_Daemon>		p4_valid		:= 0x0
[417]outputPort_3_Daemon>	state_summary
[417]outputPort_3_Daemon>		active_packet		:= 0x2
[417]outputPort_3_Daemon>		down_counter		:= 0x0032
[417]outputPort_3_Daemon>		priority_queue		:= 0x2
[417]outputPort_3_Daemon>		read_from_1		:= 0x1
[417]outputPort_3_Daemon>		pkt_1_e_word		:= 0x000000000
[417]outputPort_3_Daemon>		read_from_2		:= 0x1
[417]outputPort_3_Daemon>		pkt_2_e_word		:= 0x100000006
[417]outputPort_3_Daemon>		read_from_3		:= 0x1
[417]outputPort_3_Daemon>		pkt_3_e_word		:= 0x000000000
[417]outputPort_3_Daemon>		read_from_4		:= 0x1
[417]outputPort_3_Daemon>		pkt_4_e_word		:= 0x000000000
[425]outputPort_3_Daemon>	send_information
[425]outputPort_3_Daemon>		started_new_packet		:= 0x0
[425]outputPort_3_Daemon>		next_active_packet		:= 0x2
[425]outputPort_3_Daemon>		send_flag		:= 0x1
[425]outputPort_3_Daemon>		p1_valid		:= 0x0
[425]outputPort_3_Daemon>		p2_valid		:= 0x1
[425]outputPort_3_Daemon>		p3_valid		:= 0x0
[425]outputPort_3_Daemon>		p4_valid		:= 0x0
[604]outputPort_3_Daemon>	state_summary
[604]outputPort_3_Daemon>		active_packet		:= 0x2
[604]outputPort_3_Daemon>		down_counter		:= 0x0031
[604]outputPort_3_Daemon>		priority_queue		:= 0x2
[604]outputPort_3_Daemon>		read_from_1		:= 0x1
[604]outputPort_3_Daemon>		pkt_1_e_word		:= 0x000000000
[604]outputPort_3_Daemon>		read_from_2		:= 0x1
[604]outputPort_3_Daemon>		pkt_2_e_word		:= 0x100000007
[604]outputPort_3_Daemon>		read_from_3		:= 0x1
[604]outputPort_3_Daemon>		pkt_3_e_word		:= 0x000000000
[604]outputPort_3_Daemon>		read_from_4		:= 0x1
[604]outputPort_3_Daemon>		pkt_4_e_word		:= 0x000000000
[633]outputPort_3_Daemon>	send_information
[633]outputPort_3_Daemon>		started_new_packet		:= 0x0
[633]outputPort_3_Daemon>		next_active_packet		:= 0x2
[633]outputPort_3_Daemon>		send_flag		:= 0x1
[633]outputPort_3_Daemon>		p1_valid		:= 0x0
[633]outputPort_3_Daemon>		p2_valid		:= 0x1
[633]outputPort_3_Daemon>		p3_valid		:= 0x0
[633]outputPort_3_Daemon>		p4_valid		:= 0x0
[635]outputPort_3_Daemon>	state_summary
[635]outputPort_3_Daemon>		active_packet		:= 0x2
[635]outputPort_3_Daemon>		down_counter		:= 0x0030
[635]outputPort_3_Daemon>		priority_queue		:= 0x2
[635]outputPort_3_Daemon>		read_from_1		:= 0x1
[635]outputPort_3_Daemon>		pkt_1_e_word		:= 0x000000000
[635]outputPort_3_Daemon>		read_from_2		:= 0x1
[635]outputPort_3_Daemon>		pkt_2_e_word		:= 0x100000008
[635]outputPort_3_Daemon>		read_from_3		:= 0x1
[635]outputPort_3_Daemon>		pkt_3_e_word		:= 0x000000000
[635]outputPort_3_Daemon>		read_from_4		:= 0x1
[635]outputPort_3_Daemon>		pkt_4_e_word		:= 0x000000000
[640]outputPort_3_Daemon>	send_information
[640]outputPort_3_Daemon>		started_new_packet		:= 0x0
[640]outputPort_3_Daemon>		next_active_packet		:= 0x2
[640]outputPort_3_Daemon>		send_flag		:= 0x1
[640]outputPort_3_Daemon>		p1_valid		:= 0x0
[640]outputPort_3_Daemon>		p2_valid		:= 0x1
[640]outputPort_3_Daemon>		p3_valid		:= 0x0
[640]outputPort_3_Daemon>		p4_valid		:= 0x0
[641]outputPort_3_Daemon>	state_summary
[641]outputPort_3_Daemon>		active_packet		:= 0x2
[641]outputPort_3_Daemon>		down_counter		:= 0x002f
[641]outputPort_3_Daemon>		priority_queue		:= 0x2
[641]outputPort_3_Daemon>		read_from_1		:= 0x1
[641]outputPort_3_Daemon>		pkt_1_e_word		:= 0x000000000
[641]outputPort_3_Daemon>		read_from_2		:= 0x1
[641]outputPort_3_Daemon>		pkt_2_e_word		:= 0x100000009
[641]outputPort_3_Daemon>		read_from_3		:= 0x1
[641]outputPort_3_Daemon>		pkt_3_e_word		:= 0x000000000
[641]outputPort_3_Daemon>		read_from_4		:= 0x1
[641]outputPort_3_Daemon>		pkt_4_e_word		:= 0x000000000
[649]outputPort_3_Daemon>	send_information
[649]outputPort_3_Daemon>		started_new_packet		:= 0x0
[649]outputPort_3_Daemon>		next_active_packet		:= 0x2
[649]outputPort_3_Daemon>		send_flag		:= 0x1
[649]outputPort_3_Daemon>		p1_valid		:= 0x0
[649]outputPort_3_Daemon>		p2_valid		:= 0x1
[649]outputPort_3_Daemon>		p3_valid		:= 0x0
[649]outputPort_3_Daemon>		p4_valid		:= 0x0
[651]outputPort_3_Daemon>	state_summary
[651]outputPort_3_Daemon>		active_packet		:= 0x2
[651]outputPort_3_Daemon>		down_counter		:= 0x002e
[651]outputPort_3_Daemon>		priority_queue		:= 0x2
[651]outputPort_3_Daemon>		read_from_1		:= 0x1
[651]outputPort_3_Daemon>		pkt_1_e_word		:= 0x000000000
[651]outputPort_3_Daemon>		read_from_2		:= 0x1
[651]outputPort_3_Daemon>		pkt_2_e_word		:= 0x10000000a
[651]outputPort_3_Daemon>		read_from_3		:= 0x1
[651]outputPort_3_Daemon>		pkt_3_e_word		:= 0x000000000
[651]outputPort_3_Daemon>		read_from_4		:= 0x1
[651]outputPort_3_Daemon>		pkt_4_e_word		:= 0x000000000
[656]outputPort_3_Daemon>	send_information
[656]outputPort_3_Daemon>		started_new_packet		:= 0x0
[656]outputPort_3_Daemon>		next_active_packet		:= 0x2
[656]outputPort_3_Daemon>		send_flag		:= 0x1
[656]outputPort_3_Daemon>		p1_valid		:= 0x0
[656]outputPort_3_Daemon>		p2_valid		:= 0x1
[656]outputPort_3_Daemon>		p3_valid		:= 0x0
[656]outputPort_3_Daemon>		p4_valid		:= 0x0
[657]outputPort_3_Daemon>	state_summary
[657]outputPort_3_Daemon>		active_packet		:= 0x2
[657]outputPort_3_Daemon>		down_counter		:= 0x002d
[657]outputPort_3_Daemon>		priority_queue		:= 0x2
[657]outputPort_3_Daemon>		read_from_1		:= 0x1
[657]outputPort_3_Daemon>		pkt_1_e_word		:= 0x000000000
[657]outputPort_3_Daemon>		read_from_2		:= 0x1
[657]outputPort_3_Daemon>		pkt_2_e_word		:= 0x10000000b
[657]outputPort_3_Daemon>		read_from_3		:= 0x1
[657]outputPort_3_Daemon>		pkt_3_e_word		:= 0x000000000
[657]outputPort_3_Daemon>		read_from_4		:= 0x1
[657]outputPort_3_Daemon>		pkt_4_e_word		:= 0x000000000
[750]outputPort_3_Daemon>	send_information
[750]outputPort_3_Daemon>		started_new_packet		:= 0x0
[750]outputPort_3_Daemon>		next_active_packet		:= 0x2
[750]outputPort_3_Daemon>		send_flag		:= 0x1
[750]outputPort_3_Daemon>		p1_valid		:= 0x0
[750]outputPort_3_Daemon>		p2_valid		:= 0x1
[750]outputPort_3_Daemon>		p3_valid		:= 0x0
[750]outputPort_3_Daemon>		p4_valid		:= 0x0
[751]outputPort_3_Daemon>	state_summary
[751]outputPort_3_Daemon>		active_packet		:= 0x2
[751]outputPort_3_Daemon>		down_counter		:= 0x002c
[751]outputPort_3_Daemon>		priority_queue		:= 0x2
[751]outputPort_3_Daemon>		read_from_1		:= 0x1
[751]outputPort_3_Daemon>		pkt_1_e_word		:= 0x000000000
[751]outputPort_3_Daemon>		read_from_2		:= 0x1
[751]outputPort_3_Daemon>		pkt_2_e_word		:= 0x10000000c
[751]outputPort_3_Daemon>		read_from_3		:= 0x1
[751]outputPort_3_Daemon>		pkt_3_e_word		:= 0x000000000
[751]outputPort_3_Daemon>		read_from_4		:= 0x1
[751]outputPort_3_Daemon>		pkt_4_e_word		:= 0x000000000
[786]outputPort_3_Daemon>	send_information
[786]outputPort_3_Daemon>		started_new_packet		:= 0x0
[786]outputPort_3_Daemon>		next_active_packet		:= 0x2
[786]outputPort_3_Daemon>		send_flag		:= 0x1
[786]outputPort_3_Daemon>		p1_valid		:= 0x0
[786]outputPort_3_Daemon>		p2_valid		:= 0x1
[786]outputPort_3_Daemon>		p3_valid		:= 0x0
[786]outputPort_3_Daemon>		p4_valid		:= 0x0
[787]outputPort_3_Daemon>	state_summary
[787]outputPort_3_Daemon>		active_packet		:= 0x2
[787]outputPort_3_Daemon>		down_counter		:= 0x002b
[787]outputPort_3_Daemon>		priority_queue		:= 0x2
[787]outputPort_3_Daemon>		read_from_1		:= 0x1
[787]outputPort_3_Daemon>		pkt_1_e_word		:= 0x000000000
[787]outputPort_3_Daemon>		read_from_2		:= 0x1
[787]outputPort_3_Daemon>		pkt_2_e_word		:= 0x10000000d
[787]outputPort_3_Daemon>		read_from_3		:= 0x1
[787]outputPort_3_Daemon>		pkt_3_e_word		:= 0x000000000
[787]outputPort_3_Daemon>		read_from_4		:= 0x1
[787]outputPort_3_Daemon>		pkt_4_e_word		:= 0x000000000
[789]outputPort_3_Daemon>	send_information
[789]outputPort_3_Daemon>		started_new_packet		:= 0x0
[789]outputPort_3_Daemon>		next_active_packet		:= 0x2
[789]outputPort_3_Daemon>		send_flag		:= 0x1
[789]outputPort_3_Daemon>		p1_valid		:= 0x0
[789]outputPort_3_Daemon>		p2_valid		:= 0x1
[789]outputPort_3_Daemon>		p3_valid		:= 0x0
[789]outputPort_3_Daemon>		p4_valid		:= 0x0
[790]outputPort_3_Daemon>	state_summary
[790]outputPort_3_Daemon>		active_packet		:= 0x2
[790]outputPort_3_Daemon>		down_counter		:= 0x002a
[790]outputPort_3_Daemon>		priority_queue		:= 0x2
[790]outputPort_3_Daemon>		read_from_1		:= 0x1
[790]outputPort_3_Daemon>		pkt_1_e_word		:= 0x000000000
[790]outputPort_3_Daemon>		read_from_2		:= 0x1
[790]outputPort_3_Daemon>		pkt_2_e_word		:= 0x10000000e
[790]outputPort_3_Daemon>		read_from_3		:= 0x1
[790]outputPort_3_Daemon>		pkt_3_e_word		:= 0x000000000
[790]outputPort_3_Daemon>		read_from_4		:= 0x1
[790]outputPort_3_Daemon>		pkt_4_e_word		:= 0x000000000
[999]outputPort_3_Daemon>	send_information
[999]outputPort_3_Daemon>		started_new_packet		:= 0x0
[999]outputPort_3_Daemon>		next_active_packet		:= 0x2
[999]outputPort_3_Daemon>		send_flag		:= 0x1
[999]outputPort_3_Daemon>		p1_valid		:= 0x0
[999]outputPort_3_Daemon>		p2_valid		:= 0x1
[999]outputPort_3_Daemon>		p3_valid		:= 0x0
[999]outputPort_3_Daemon>		p4_valid		:= 0x0
[1000]outputPort_3_Daemon>	state_summary
[1000]outputPort_3_Daemon>		active_packet		:= 0x2
[1000]outputPort_3_Daemon>		down_counter		:= 0x0029
[1000]outputPort_3_Daemon>		priority_queue		:= 0x2
[1000]outputPort_3_Daemon>		read_from_1		:= 0x1
[1000]outputPort_3_Daemon>		pkt_1_e_word		:= 0x000000000
[1000]outputPort_3_Daemon>		read_from_2		:= 0x1
[1000]outputPort_3_Daemon>		pkt_2_e_word		:= 0x10000000f
[1000]outputPort_3_Daemon>		read_from_3		:= 0x1
[1000]outputPort_3_Daemon>		pkt_3_e_word		:= 0x000000000
[1000]outputPort_3_Daemon>		read_from_4		:= 0x1
[1000]outputPort_3_Daemon>		pkt_4_e_word		:= 0x000000000
[1012]outputPort_3_Daemon>	send_information
[1012]outputPort_3_Daemon>		started_new_packet		:= 0x0
[1012]outputPort_3_Daemon>		next_active_packet		:= 0x2
[1012]outputPort_3_Daemon>		send_flag		:= 0x1
[1012]outputPort_3_Daemon>		p1_valid		:= 0x0
[1012]outputPort_3_Daemon>		p2_valid		:= 0x1
[1012]outputPort_3_Daemon>		p3_valid		:= 0x0
[1012]outputPort_3_Daemon>		p4_valid		:= 0x0
[1014]outputPort_3_Daemon>	state_summary
[1014]outputPort_3_Daemon>		active_packet		:= 0x2
[1014]outputPort_3_Daemon>		down_counter		:= 0x0028
[1014]outputPort_3_Daemon>		priority_queue		:= 0x2
[1014]outputPort_3_Daemon>		read_from_1		:= 0x1
[1014]outputPort_3_Daemon>		pkt_1_e_word		:= 0x000000000
[1014]outputPort_3_Daemon>		read_from_2		:= 0x1
[1014]outputPort_3_Daemon>		pkt_2_e_word		:= 0x100000010
[1014]outputPort_3_Daemon>		read_from_3		:= 0x1
[1014]outputPort_3_Daemon>		pkt_3_e_word		:= 0x000000000
[1014]outputPort_3_Daemon>		read_from_4		:= 0x1
[1014]outputPort_3_Daemon>		pkt_4_e_word		:= 0x000000000
[1019]outputPort_3_Daemon>	send_information
[1019]outputPort_3_Daemon>		started_new_packet		:= 0x0
[1019]outputPort_3_Daemon>		next_active_packet		:= 0x2
[1019]outputPort_3_Daemon>		send_flag		:= 0x1
[1019]outputPort_3_Daemon>		p1_valid		:= 0x0
[1019]outputPort_3_Daemon>		p2_valid		:= 0x1
[1019]outputPort_3_Daemon>		p3_valid		:= 0x0
[1019]outputPort_3_Daemon>		p4_valid		:= 0x0
[1020]outputPort_3_Daemon>	state_summary
[1020]outputPort_3_Daemon>		active_packet		:= 0x2
[1020]outputPort_3_Daemon>		down_counter		:= 0x0027
[1020]outputPort_3_Daemon>		priority_queue		:= 0x2
[1020]outputPort_3_Daemon>		read_from_1		:= 0x1
[1020]outputPort_3_Daemon>		pkt_1_e_word		:= 0x000000000
[1020]outputPort_3_Daemon>		read_from_2		:= 0x1
[1020]outputPort_3_Daemon>		pkt_2_e_word		:= 0x100000011
[1020]outputPort_3_Daemon>		read_from_3		:= 0x1
[1020]outputPort_3_Daemon>		pkt_3_e_word		:= 0x000000000
[1020]outputPort_3_Daemon>		read_from_4		:= 0x1
[1020]outputPort_3_Daemon>		pkt_4_e_word		:= 0x000000000
[1163]outputPort_3_Daemon>	send_information
[1163]outputPort_3_Daemon>		started_new_packet		:= 0x0
[1163]outputPort_3_Daemon>		next_active_packet		:= 0x2
[1163]outputPort_3_Daemon>		send_flag		:= 0x1
[1163]outputPort_3_Daemon>		p1_valid		:= 0x0
[1163]outputPort_3_Daemon>		p2_valid		:= 0x1
[1163]outputPort_3_Daemon>		p3_valid		:= 0x0
[1163]outputPort_3_Daemon>		p4_valid		:= 0x0
[1165]outputPort_3_Daemon>	state_summary
[1165]outputPort_3_Daemon>		active_packet		:= 0x2
[1165]outputPort_3_Daemon>		down_counter		:= 0x0026
[1165]outputPort_3_Daemon>		priority_queue		:= 0x2
[1165]outputPort_3_Daemon>		read_from_1		:= 0x1
[1165]outputPort_3_Daemon>		pkt_1_e_word		:= 0x000000000
[1165]outputPort_3_Daemon>		read_from_2		:= 0x1
[1165]outputPort_3_Daemon>		pkt_2_e_word		:= 0x100000012
[1165]outputPort_3_Daemon>		read_from_3		:= 0x1
[1165]outputPort_3_Daemon>		pkt_3_e_word		:= 0x000000000
[1165]outputPort_3_Daemon>		read_from_4		:= 0x1
[1165]outputPort_3_Daemon>		pkt_4_e_word		:= 0x000000000
[1208]outputPort_3_Daemon>	send_information
[1208]outputPort_3_Daemon>		started_new_packet		:= 0x0
[1208]outputPort_3_Daemon>		next_active_packet		:= 0x2
[1208]outputPort_3_Daemon>		send_flag		:= 0x1
[1208]outputPort_3_Daemon>		p1_valid		:= 0x0
[1208]outputPort_3_Daemon>		p2_valid		:= 0x1
[1208]outputPort_3_Daemon>		p3_valid		:= 0x0
[1208]outputPort_3_Daemon>		p4_valid		:= 0x0
[1209]outputPort_3_Daemon>	state_summary
[1209]outputPort_3_Daemon>		active_packet		:= 0x2
[1209]outputPort_3_Daemon>		down_counter		:= 0x0025
[1209]outputPort_3_Daemon>		priority_queue		:= 0x2
[1209]outputPort_3_Daemon>		read_from_1		:= 0x1
[1209]outputPort_3_Daemon>		pkt_1_e_word		:= 0x000000000
[1209]outputPort_3_Daemon>		read_from_2		:= 0x1
[1209]outputPort_3_Daemon>		pkt_2_e_word		:= 0x100000013
[1209]outputPort_3_Daemon>		read_from_3		:= 0x1
[1209]outputPort_3_Daemon>		pkt_3_e_word		:= 0x000000000
[1209]outputPort_3_Daemon>		read_from_4		:= 0x1
[1209]outputPort_3_Daemon>		pkt_4_e_word		:= 0x000000000
[1222]outputPort_3_Daemon>	send_information
[1222]outputPort_3_Daemon>		started_new_packet		:= 0x0
[1222]outputPort_3_Daemon>		next_active_packet		:= 0x2
[1222]outputPort_3_Daemon>		send_flag		:= 0x1
[1222]outputPort_3_Daemon>		p1_valid		:= 0x0
[1222]outputPort_3_Daemon>		p2_valid		:= 0x1
[1222]outputPort_3_Daemon>		p3_valid		:= 0x0
[1222]outputPort_3_Daemon>		p4_valid		:= 0x0
[1223]outputPort_3_Daemon>	state_summary
[1223]outputPort_3_Daemon>		active_packet		:= 0x2
[1223]outputPort_3_Daemon>		down_counter		:= 0x0024
[1223]outputPort_3_Daemon>		priority_queue		:= 0x2
[1223]outputPort_3_Daemon>		read_from_1		:= 0x1
[1223]outputPort_3_Daemon>		pkt_1_e_word		:= 0x000000000
[1223]outputPort_3_Daemon>		read_from_2		:= 0x1
[1223]outputPort_3_Daemon>		pkt_2_e_word		:= 0x100000014
[1223]outputPort_3_Daemon>		read_from_3		:= 0x1
[1223]outputPort_3_Daemon>		pkt_3_e_word		:= 0x000000000
[1223]outputPort_3_Daemon>		read_from_4		:= 0x1
[1223]outputPort_3_Daemon>		pkt_4_e_word		:= 0x000000000
[1225]outputPort_3_Daemon>	send_information
[1225]outputPort_3_Daemon>		started_new_packet		:= 0x0
[1225]outputPort_3_Daemon>		next_active_packet		:= 0x2
[1225]outputPort_3_Daemon>		send_flag		:= 0x1
[1225]outputPort_3_Daemon>		p1_valid		:= 0x0
[1225]outputPort_3_Daemon>		p2_valid		:= 0x1
[1225]outputPort_3_Daemon>		p3_valid		:= 0x0
[1225]outputPort_3_Daemon>		p4_valid		:= 0x0
[1226]outputPort_3_Daemon>	state_summary
[1226]outputPort_3_Daemon>		active_packet		:= 0x2
[1226]outputPort_3_Daemon>		down_counter		:= 0x0023
[1226]outputPort_3_Daemon>		priority_queue		:= 0x2
[1226]outputPort_3_Daemon>		read_from_1		:= 0x1
[1226]outputPort_3_Daemon>		pkt_1_e_word		:= 0x000000000
[1226]outputPort_3_Daemon>		read_from_2		:= 0x1
[1226]outputPort_3_Daemon>		pkt_2_e_word		:= 0x100000015
[1226]outputPort_3_Daemon>		read_from_3		:= 0x1
[1226]outputPort_3_Daemon>		pkt_3_e_word		:= 0x000000000
[1226]outputPort_3_Daemon>		read_from_4		:= 0x1
[1226]outputPort_3_Daemon>		pkt_4_e_word		:= 0x000000000
[1228]outputPort_3_Daemon>	send_information
[1228]outputPort_3_Daemon>		started_new_packet		:= 0x0
[1228]outputPort_3_Daemon>		next_active_packet		:= 0x2
[1228]outputPort_3_Daemon>		send_flag		:= 0x1
[1228]outputPort_3_Daemon>		p1_valid		:= 0x0
[1228]outputPort_3_Daemon>		p2_valid		:= 0x1
[1228]outputPort_3_Daemon>		p3_valid		:= 0x0
[1228]outputPort_3_Daemon>		p4_valid		:= 0x0
[1229]outputPort_3_Daemon>	state_summary
[1229]outputPort_3_Daemon>		active_packet		:= 0x2
[1229]outputPort_3_Daemon>		down_counter		:= 0x0022
[1229]outputPort_3_Daemon>		priority_queue		:= 0x2
[1229]outputPort_3_Daemon>		read_from_1		:= 0x1
[1229]outputPort_3_Daemon>		pkt_1_e_word		:= 0x000000000
[1229]outputPort_3_Daemon>		read_from_2		:= 0x1
[1229]outputPort_3_Daemon>		pkt_2_e_word		:= 0x100000016
[1229]outputPort_3_Daemon>		read_from_3		:= 0x1
[1229]outputPort_3_Daemon>		pkt_3_e_word		:= 0x000000000
[1229]outputPort_3_Daemon>		read_from_4		:= 0x1
[1229]outputPort_3_Daemon>		pkt_4_e_word		:= 0x000000000
[1231]outputPort_3_Daemon>	send_information
[1231]outputPort_3_Daemon>		started_new_packet		:= 0x0
[1231]outputPort_3_Daemon>		next_active_packet		:= 0x2
[1231]outputPort_3_Daemon>		send_flag		:= 0x1
[1231]outputPort_3_Daemon>		p1_valid		:= 0x0
[1231]outputPort_3_Daemon>		p2_valid		:= 0x1
[1231]outputPort_3_Daemon>		p3_valid		:= 0x0
[1231]outputPort_3_Daemon>		p4_valid		:= 0x0
[1232]outputPort_3_Daemon>	state_summary
[1232]outputPort_3_Daemon>		active_packet		:= 0x2
[1232]outputPort_3_Daemon>		down_counter		:= 0x0021
[1232]outputPort_3_Daemon>		priority_queue		:= 0x2
[1232]outputPort_3_Daemon>		read_from_1		:= 0x1
[1232]outputPort_3_Daemon>		pkt_1_e_word		:= 0x000000000
[1232]outputPort_3_Daemon>		read_from_2		:= 0x1
[1232]outputPort_3_Daemon>		pkt_2_e_word		:= 0x100000017
[1232]outputPort_3_Daemon>		read_from_3		:= 0x1
[1232]outputPort_3_Daemon>		pkt_3_e_word		:= 0x000000000
[1232]outputPort_3_Daemon>		read_from_4		:= 0x1
[1232]outputPort_3_Daemon>		pkt_4_e_word		:= 0x000000000
[1234]outputPort_3_Daemon>	send_information
[1234]outputPort_3_Daemon>		started_new_packet		:= 0x0
[1234]outputPort_3_Daemon>		next_active_packet		:= 0x2
[1234]outputPort_3_Daemon>		send_flag		:= 0x1
[1234]outputPort_3_Daemon>		p1_valid		:= 0x0
[1234]outputPort_3_Daemon>		p2_valid		:= 0x1
[1234]outputPort_3_Daemon>		p3_valid		:= 0x0
[1234]outputPort_3_Daemon>		p4_valid		:= 0x0
[1235]outputPort_3_Daemon>	state_summary
[1235]outputPort_3_Daemon>		active_packet		:= 0x2
[1235]outputPort_3_Daemon>		down_counter		:= 0x0020
[1235]outputPort_3_Daemon>		priority_queue		:= 0x2
[1235]outputPort_3_Daemon>		read_from_1		:= 0x1
[1235]outputPort_3_Daemon>		pkt_1_e_word		:= 0x000000000
[1235]outputPort_3_Daemon>		read_from_2		:= 0x1
[1235]outputPort_3_Daemon>		pkt_2_e_word		:= 0x100000018
[1235]outputPort_3_Daemon>		read_from_3		:= 0x1
[1235]outputPort_3_Daemon>		pkt_3_e_word		:= 0x000000000
[1235]outputPort_3_Daemon>		read_from_4		:= 0x1
[1235]outputPort_3_Daemon>		pkt_4_e_word		:= 0x000000000
[1237]outputPort_3_Daemon>	send_information
[1237]outputPort_3_Daemon>		started_new_packet		:= 0x0
[1237]outputPort_3_Daemon>		next_active_packet		:= 0x2
[1237]outputPort_3_Daemon>		send_flag		:= 0x1
[1237]outputPort_3_Daemon>		p1_valid		:= 0x0
[1237]outputPort_3_Daemon>		p2_valid		:= 0x1
[1237]outputPort_3_Daemon>		p3_valid		:= 0x0
[1237]outputPort_3_Daemon>		p4_valid		:= 0x0
[1238]outputPort_3_Daemon>	state_summary
[1238]outputPort_3_Daemon>		active_packet		:= 0x2
[1238]outputPort_3_Daemon>		down_counter		:= 0x001f
[1238]outputPort_3_Daemon>		priority_queue		:= 0x2
[1238]outputPort_3_Daemon>		read_from_1		:= 0x1
[1238]outputPort_3_Daemon>		pkt_1_e_word		:= 0x000000000
[1238]outputPort_3_Daemon>		read_from_2		:= 0x1
[1238]outputPort_3_Daemon>		pkt_2_e_word		:= 0x100000019
[1238]outputPort_3_Daemon>		read_from_3		:= 0x1
[1238]outputPort_3_Daemon>		pkt_3_e_word		:= 0x000000000
[1238]outputPort_3_Daemon>		read_from_4		:= 0x1
[1238]outputPort_3_Daemon>		pkt_4_e_word		:= 0x000000000
[1240]outputPort_3_Daemon>	send_information
[1240]outputPort_3_Daemon>		started_new_packet		:= 0x0
[1240]outputPort_3_Daemon>		next_active_packet		:= 0x2
[1240]outputPort_3_Daemon>		send_flag		:= 0x1
[1240]outputPort_3_Daemon>		p1_valid		:= 0x0
[1240]outputPort_3_Daemon>		p2_valid		:= 0x1
[1240]outputPort_3_Daemon>		p3_valid		:= 0x0
[1240]outputPort_3_Daemon>		p4_valid		:= 0x0
[1241]outputPort_3_Daemon>	state_summary
[1241]outputPort_3_Daemon>		active_packet		:= 0x2
[1241]outputPort_3_Daemon>		down_counter		:= 0x001e
[1241]outputPort_3_Daemon>		priority_queue		:= 0x2
[1241]outputPort_3_Daemon>		read_from_1		:= 0x1
[1241]outputPort_3_Daemon>		pkt_1_e_word		:= 0x000000000
[1241]outputPort_3_Daemon>		read_from_2		:= 0x1
[1241]outputPort_3_Daemon>		pkt_2_e_word		:= 0x10000001a
[1241]outputPort_3_Daemon>		read_from_3		:= 0x1
[1241]outputPort_3_Daemon>		pkt_3_e_word		:= 0x000000000
[1241]outputPort_3_Daemon>		read_from_4		:= 0x1
[1241]outputPort_3_Daemon>		pkt_4_e_word		:= 0x000000000
[1243]outputPort_3_Daemon>	send_information
[1243]outputPort_3_Daemon>		started_new_packet		:= 0x0
[1243]outputPort_3_Daemon>		next_active_packet		:= 0x2
[1243]outputPort_3_Daemon>		send_flag		:= 0x1
[1243]outputPort_3_Daemon>		p1_valid		:= 0x0
[1243]outputPort_3_Daemon>		p2_valid		:= 0x1
[1243]outputPort_3_Daemon>		p3_valid		:= 0x0
[1243]outputPort_3_Daemon>		p4_valid		:= 0x0
[1244]outputPort_3_Daemon>	state_summary
[1244]outputPort_3_Daemon>		active_packet		:= 0x2
[1244]outputPort_3_Daemon>		down_counter		:= 0x001d
[1244]outputPort_3_Daemon>		priority_queue		:= 0x2
[1244]outputPort_3_Daemon>		read_from_1		:= 0x1
[1244]outputPort_3_Daemon>		pkt_1_e_word		:= 0x000000000
[1244]outputPort_3_Daemon>		read_from_2		:= 0x1
[1244]outputPort_3_Daemon>		pkt_2_e_word		:= 0x10000001b
[1244]outputPort_3_Daemon>		read_from_3		:= 0x1
[1244]outputPort_3_Daemon>		pkt_3_e_word		:= 0x000000000
[1244]outputPort_3_Daemon>		read_from_4		:= 0x1
[1244]outputPort_3_Daemon>		pkt_4_e_word		:= 0x000000000
[1383]outputPort_3_Daemon>	send_information
[1383]outputPort_3_Daemon>		started_new_packet		:= 0x0
[1383]outputPort_3_Daemon>		next_active_packet		:= 0x2
[1383]outputPort_3_Daemon>		send_flag		:= 0x1
[1383]outputPort_3_Daemon>		p1_valid		:= 0x0
[1383]outputPort_3_Daemon>		p2_valid		:= 0x1
[1383]outputPort_3_Daemon>		p3_valid		:= 0x0
[1383]outputPort_3_Daemon>		p4_valid		:= 0x0
[1384]outputPort_3_Daemon>	state_summary
[1384]outputPort_3_Daemon>		active_packet		:= 0x2
[1384]outputPort_3_Daemon>		down_counter		:= 0x001c
[1384]outputPort_3_Daemon>		priority_queue		:= 0x2
[1384]outputPort_3_Daemon>		read_from_1		:= 0x1
[1384]outputPort_3_Daemon>		pkt_1_e_word		:= 0x000000000
[1384]outputPort_3_Daemon>		read_from_2		:= 0x1
[1384]outputPort_3_Daemon>		pkt_2_e_word		:= 0x10000001c
[1384]outputPort_3_Daemon>		read_from_3		:= 0x1
[1384]outputPort_3_Daemon>		pkt_3_e_word		:= 0x000000000
[1384]outputPort_3_Daemon>		read_from_4		:= 0x1
[1384]outputPort_3_Daemon>		pkt_4_e_word		:= 0x000000000
[1425]outputPort_3_Daemon>	send_information
[1425]outputPort_3_Daemon>		started_new_packet		:= 0x0
[1425]outputPort_3_Daemon>		next_active_packet		:= 0x2
[1425]outputPort_3_Daemon>		send_flag		:= 0x1
[1425]outputPort_3_Daemon>		p1_valid		:= 0x0
[1425]outputPort_3_Daemon>		p2_valid		:= 0x1
[1425]outputPort_3_Daemon>		p3_valid		:= 0x0
[1425]outputPort_3_Daemon>		p4_valid		:= 0x0
[1426]outputPort_3_Daemon>	state_summary
[1426]outputPort_3_Daemon>		active_packet		:= 0x2
[1426]outputPort_3_Daemon>		down_counter		:= 0x001b
[1426]outputPort_3_Daemon>		priority_queue		:= 0x2
[1426]outputPort_3_Daemon>		read_from_1		:= 0x1
[1426]outputPort_3_Daemon>		pkt_1_e_word		:= 0x000000000
[1426]outputPort_3_Daemon>		read_from_2		:= 0x1
[1426]outputPort_3_Daemon>		pkt_2_e_word		:= 0x10000001d
[1426]outputPort_3_Daemon>		read_from_3		:= 0x1
[1426]outputPort_3_Daemon>		pkt_3_e_word		:= 0x000000000
[1426]outputPort_3_Daemon>		read_from_4		:= 0x1
[1426]outputPort_3_Daemon>		pkt_4_e_word		:= 0x000000000
[1428]outputPort_3_Daemon>	send_information
[1428]outputPort_3_Daemon>		started_new_packet		:= 0x0
[1428]outputPort_3_Daemon>		next_active_packet		:= 0x2
[1428]outputPort_3_Daemon>		send_flag		:= 0x1
[1428]outputPort_3_Daemon>		p1_valid		:= 0x0
[1428]outputPort_3_Daemon>		p2_valid		:= 0x1
[1428]outputPort_3_Daemon>		p3_valid		:= 0x0
[1428]outputPort_3_Daemon>		p4_valid		:= 0x0
[1429]outputPort_3_Daemon>	state_summary
[1429]outputPort_3_Daemon>		active_packet		:= 0x2
[1429]outputPort_3_Daemon>		down_counter		:= 0x001a
[1429]outputPort_3_Daemon>		priority_queue		:= 0x2
[1429]outputPort_3_Daemon>		read_from_1		:= 0x1
[1429]outputPort_3_Daemon>		pkt_1_e_word		:= 0x000000000
[1429]outputPort_3_Daemon>		read_from_2		:= 0x1
[1429]outputPort_3_Daemon>		pkt_2_e_word		:= 0x10000001e
[1429]outputPort_3_Daemon>		read_from_3		:= 0x1
[1429]outputPort_3_Daemon>		pkt_3_e_word		:= 0x000000000
[1429]outputPort_3_Daemon>		read_from_4		:= 0x1
[1429]outputPort_3_Daemon>		pkt_4_e_word		:= 0x000000000
[1431]outputPort_3_Daemon>	send_information
[1431]outputPort_3_Daemon>		started_new_packet		:= 0x0
[1431]outputPort_3_Daemon>		next_active_packet		:= 0x2
[1431]outputPort_3_Daemon>		send_flag		:= 0x1
[1431]outputPort_3_Daemon>		p1_valid		:= 0x0
[1431]outputPort_3_Daemon>		p2_valid		:= 0x1
[1431]outputPort_3_Daemon>		p3_valid		:= 0x0
[1431]outputPort_3_Daemon>		p4_valid		:= 0x0
[1432]outputPort_3_Daemon>	state_summary
[1432]outputPort_3_Daemon>		active_packet		:= 0x2
[1432]outputPort_3_Daemon>		down_counter		:= 0x0019
[1432]outputPort_3_Daemon>		priority_queue		:= 0x2
[1432]outputPort_3_Daemon>		read_from_1		:= 0x1
[1432]outputPort_3_Daemon>		pkt_1_e_word		:= 0x000000000
[1432]outputPort_3_Daemon>		read_from_2		:= 0x1
[1432]outputPort_3_Daemon>		pkt_2_e_word		:= 0x10000001f
[1432]outputPort_3_Daemon>		read_from_3		:= 0x1
[1432]outputPort_3_Daemon>		pkt_3_e_word		:= 0x000000000
[1432]outputPort_3_Daemon>		read_from_4		:= 0x1
[1432]outputPort_3_Daemon>		pkt_4_e_word		:= 0x000000000
[1434]outputPort_3_Daemon>	send_information
[1434]outputPort_3_Daemon>		started_new_packet		:= 0x0
[1434]outputPort_3_Daemon>		next_active_packet		:= 0x2
[1434]outputPort_3_Daemon>		send_flag		:= 0x1
[1434]outputPort_3_Daemon>		p1_valid		:= 0x0
[1434]outputPort_3_Daemon>		p2_valid		:= 0x1
[1434]outputPort_3_Daemon>		p3_valid		:= 0x0
[1434]outputPort_3_Daemon>		p4_valid		:= 0x0
[1435]outputPort_3_Daemon>	state_summary
[1435]outputPort_3_Daemon>		active_packet		:= 0x2
[1435]outputPort_3_Daemon>		down_counter		:= 0x0018
[1435]outputPort_3_Daemon>		priority_queue		:= 0x2
[1435]outputPort_3_Daemon>		read_from_1		:= 0x1
[1435]outputPort_3_Daemon>		pkt_1_e_word		:= 0x000000000
[1435]outputPort_3_Daemon>		read_from_2		:= 0x1
[1435]outputPort_3_Daemon>		pkt_2_e_word		:= 0x100000020
[1435]outputPort_3_Daemon>		read_from_3		:= 0x1
[1435]outputPort_3_Daemon>		pkt_3_e_word		:= 0x000000000
[1435]outputPort_3_Daemon>		read_from_4		:= 0x1
[1435]outputPort_3_Daemon>		pkt_4_e_word		:= 0x000000000
[1437]outputPort_3_Daemon>	send_information
[1437]outputPort_3_Daemon>		started_new_packet		:= 0x0
[1437]outputPort_3_Daemon>		next_active_packet		:= 0x2
[1437]outputPort_3_Daemon>		send_flag		:= 0x1
[1437]outputPort_3_Daemon>		p1_valid		:= 0x0
[1437]outputPort_3_Daemon>		p2_valid		:= 0x1
[1437]outputPort_3_Daemon>		p3_valid		:= 0x0
[1437]outputPort_3_Daemon>		p4_valid		:= 0x0
[1438]outputPort_3_Daemon>	state_summary
[1438]outputPort_3_Daemon>		active_packet		:= 0x2
[1438]outputPort_3_Daemon>		down_counter		:= 0x0017
[1438]outputPort_3_Daemon>		priority_queue		:= 0x2
[1438]outputPort_3_Daemon>		read_from_1		:= 0x1
[1438]outputPort_3_Daemon>		pkt_1_e_word		:= 0x000000000
[1438]outputPort_3_Daemon>		read_from_2		:= 0x1
[1438]outputPort_3_Daemon>		pkt_2_e_word		:= 0x100000021
[1438]outputPort_3_Daemon>		read_from_3		:= 0x1
[1438]outputPort_3_Daemon>		pkt_3_e_word		:= 0x000000000
[1438]outputPort_3_Daemon>		read_from_4		:= 0x1
[1438]outputPort_3_Daemon>		pkt_4_e_word		:= 0x000000000
[1440]outputPort_3_Daemon>	send_information
[1440]outputPort_3_Daemon>		started_new_packet		:= 0x0
[1440]outputPort_3_Daemon>		next_active_packet		:= 0x2
[1440]outputPort_3_Daemon>		send_flag		:= 0x1
[1440]outputPort_3_Daemon>		p1_valid		:= 0x0
[1440]outputPort_3_Daemon>		p2_valid		:= 0x1
[1440]outputPort_3_Daemon>		p3_valid		:= 0x0
[1440]outputPort_3_Daemon>		p4_valid		:= 0x0
[1441]outputPort_3_Daemon>	state_summary
[1441]outputPort_3_Daemon>		active_packet		:= 0x2
[1441]outputPort_3_Daemon>		down_counter		:= 0x0016
[1441]outputPort_3_Daemon>		priority_queue		:= 0x2
[1441]outputPort_3_Daemon>		read_from_1		:= 0x1
[1441]outputPort_3_Daemon>		pkt_1_e_word		:= 0x000000000
[1441]outputPort_3_Daemon>		read_from_2		:= 0x1
[1441]outputPort_3_Daemon>		pkt_2_e_word		:= 0x100000022
[1441]outputPort_3_Daemon>		read_from_3		:= 0x1
[1441]outputPort_3_Daemon>		pkt_3_e_word		:= 0x000000000
[1441]outputPort_3_Daemon>		read_from_4		:= 0x1
[1441]outputPort_3_Daemon>		pkt_4_e_word		:= 0x000000000
[1443]outputPort_3_Daemon>	send_information
[1443]outputPort_3_Daemon>		started_new_packet		:= 0x0
[1443]outputPort_3_Daemon>		next_active_packet		:= 0x2
[1443]outputPort_3_Daemon>		send_flag		:= 0x1
[1443]outputPort_3_Daemon>		p1_valid		:= 0x0
[1443]outputPort_3_Daemon>		p2_valid		:= 0x1
[1443]outputPort_3_Daemon>		p3_valid		:= 0x0
[1443]outputPort_3_Daemon>		p4_valid		:= 0x0
[1444]outputPort_3_Daemon>	state_summary
[1444]outputPort_3_Daemon>		active_packet		:= 0x2
[1444]outputPort_3_Daemon>		down_counter		:= 0x0015
[1444]outputPort_3_Daemon>		priority_queue		:= 0x2
[1444]outputPort_3_Daemon>		read_from_1		:= 0x1
[1444]outputPort_3_Daemon>		pkt_1_e_word		:= 0x000000000
[1444]outputPort_3_Daemon>		read_from_2		:= 0x1
[1444]outputPort_3_Daemon>		pkt_2_e_word		:= 0x100000023
[1444]outputPort_3_Daemon>		read_from_3		:= 0x1
[1444]outputPort_3_Daemon>		pkt_3_e_word		:= 0x000000000
[1444]outputPort_3_Daemon>		read_from_4		:= 0x1
[1444]outputPort_3_Daemon>		pkt_4_e_word		:= 0x000000000
[1446]outputPort_3_Daemon>	send_information
[1446]outputPort_3_Daemon>		started_new_packet		:= 0x0
[1446]outputPort_3_Daemon>		next_active_packet		:= 0x2
[1446]outputPort_3_Daemon>		send_flag		:= 0x1
[1446]outputPort_3_Daemon>		p1_valid		:= 0x0
[1446]outputPort_3_Daemon>		p2_valid		:= 0x1
[1446]outputPort_3_Daemon>		p3_valid		:= 0x0
[1446]outputPort_3_Daemon>		p4_valid		:= 0x0
[1447]outputPort_3_Daemon>	state_summary
[1447]outputPort_3_Daemon>		active_packet		:= 0x2
[1447]outputPort_3_Daemon>		down_counter		:= 0x0014
[1447]outputPort_3_Daemon>		priority_queue		:= 0x2
[1447]outputPort_3_Daemon>		read_from_1		:= 0x1
[1447]outputPort_3_Daemon>		pkt_1_e_word		:= 0x000000000
[1447]outputPort_3_Daemon>		read_from_2		:= 0x1
[1447]outputPort_3_Daemon>		pkt_2_e_word		:= 0x100000024
[1447]outputPort_3_Daemon>		read_from_3		:= 0x1
[1447]outputPort_3_Daemon>		pkt_3_e_word		:= 0x000000000
[1447]outputPort_3_Daemon>		read_from_4		:= 0x1
[1447]outputPort_3_Daemon>		pkt_4_e_word		:= 0x000000000
[1449]outputPort_3_Daemon>	send_information
[1449]outputPort_3_Daemon>		started_new_packet		:= 0x0
[1449]outputPort_3_Daemon>		next_active_packet		:= 0x2
[1449]outputPort_3_Daemon>		send_flag		:= 0x1
[1449]outputPort_3_Daemon>		p1_valid		:= 0x0
[1449]outputPort_3_Daemon>		p2_valid		:= 0x1
[1449]outputPort_3_Daemon>		p3_valid		:= 0x0
[1449]outputPort_3_Daemon>		p4_valid		:= 0x0
[1450]outputPort_3_Daemon>	state_summary
[1450]outputPort_3_Daemon>		active_packet		:= 0x2
[1450]outputPort_3_Daemon>		down_counter		:= 0x0013
[1450]outputPort_3_Daemon>		priority_queue		:= 0x2
[1450]outputPort_3_Daemon>		read_from_1		:= 0x1
[1450]outputPort_3_Daemon>		pkt_1_e_word		:= 0x000000000
[1450]outputPort_3_Daemon>		read_from_2		:= 0x1
[1450]outputPort_3_Daemon>		pkt_2_e_word		:= 0x100000025
[1450]outputPort_3_Daemon>		read_from_3		:= 0x1
[1450]outputPort_3_Daemon>		pkt_3_e_word		:= 0x000000000
[1450]outputPort_3_Daemon>		read_from_4		:= 0x1
[1450]outputPort_3_Daemon>		pkt_4_e_word		:= 0x000000000
[1452]outputPort_3_Daemon>	send_information
[1452]outputPort_3_Daemon>		started_new_packet		:= 0x0
[1452]outputPort_3_Daemon>		next_active_packet		:= 0x2
[1452]outputPort_3_Daemon>		send_flag		:= 0x1
[1452]outputPort_3_Daemon>		p1_valid		:= 0x0
[1452]outputPort_3_Daemon>		p2_valid		:= 0x1
[1452]outputPort_3_Daemon>		p3_valid		:= 0x0
[1452]outputPort_3_Daemon>		p4_valid		:= 0x0
[1453]outputPort_3_Daemon>	state_summary
[1453]outputPort_3_Daemon>		active_packet		:= 0x2
[1453]outputPort_3_Daemon>		down_counter		:= 0x0012
[1453]outputPort_3_Daemon>		priority_queue		:= 0x2
[1453]outputPort_3_Daemon>		read_from_1		:= 0x1
[1453]outputPort_3_Daemon>		pkt_1_e_word		:= 0x000000000
[1453]outputPort_3_Daemon>		read_from_2		:= 0x1
[1453]outputPort_3_Daemon>		pkt_2_e_word		:= 0x100000026
[1453]outputPort_3_Daemon>		read_from_3		:= 0x1
[1453]outputPort_3_Daemon>		pkt_3_e_word		:= 0x000000000
[1453]outputPort_3_Daemon>		read_from_4		:= 0x1
[1453]outputPort_3_Daemon>		pkt_4_e_word		:= 0x000000000
[1455]outputPort_3_Daemon>	send_information
[1455]outputPort_3_Daemon>		started_new_packet		:= 0x0
[1455]outputPort_3_Daemon>		next_active_packet		:= 0x2
[1455]outputPort_3_Daemon>		send_flag		:= 0x1
[1455]outputPort_3_Daemon>		p1_valid		:= 0x0
[1455]outputPort_3_Daemon>		p2_valid		:= 0x1
[1455]outputPort_3_Daemon>		p3_valid		:= 0x0
[1455]outputPort_3_Daemon>		p4_valid		:= 0x0
[1456]outputPort_3_Daemon>	state_summary
[1456]outputPort_3_Daemon>		active_packet		:= 0x2
[1456]outputPort_3_Daemon>		down_counter		:= 0x0011
[1456]outputPort_3_Daemon>		priority_queue		:= 0x2
[1456]outputPort_3_Daemon>		read_from_1		:= 0x1
[1456]outputPort_3_Daemon>		pkt_1_e_word		:= 0x000000000
[1456]outputPort_3_Daemon>		read_from_2		:= 0x1
[1456]outputPort_3_Daemon>		pkt_2_e_word		:= 0x100000027
[1456]outputPort_3_Daemon>		read_from_3		:= 0x1
[1456]outputPort_3_Daemon>		pkt_3_e_word		:= 0x000000000
[1456]outputPort_3_Daemon>		read_from_4		:= 0x1
[1456]outputPort_3_Daemon>		pkt_4_e_word		:= 0x000000000
[1530]outputPort_3_Daemon>	send_information
[1530]outputPort_3_Daemon>		started_new_packet		:= 0x0
[1530]outputPort_3_Daemon>		next_active_packet		:= 0x2
[1530]outputPort_3_Daemon>		send_flag		:= 0x1
[1530]outputPort_3_Daemon>		p1_valid		:= 0x0
[1530]outputPort_3_Daemon>		p2_valid		:= 0x1
[1530]outputPort_3_Daemon>		p3_valid		:= 0x0
[1530]outputPort_3_Daemon>		p4_valid		:= 0x0
[1531]outputPort_3_Daemon>	state_summary
[1531]outputPort_3_Daemon>		active_packet		:= 0x2
[1531]outputPort_3_Daemon>		down_counter		:= 0x0010
[1531]outputPort_3_Daemon>		priority_queue		:= 0x2
[1531]outputPort_3_Daemon>		read_from_1		:= 0x1
[1531]outputPort_3_Daemon>		pkt_1_e_word		:= 0x000000000
[1531]outputPort_3_Daemon>		read_from_2		:= 0x1
[1531]outputPort_3_Daemon>		pkt_2_e_word		:= 0x100000028
[1531]outputPort_3_Daemon>		read_from_3		:= 0x1
[1531]outputPort_3_Daemon>		pkt_3_e_word		:= 0x000000000
[1531]outputPort_3_Daemon>		read_from_4		:= 0x1
[1531]outputPort_3_Daemon>		pkt_4_e_word		:= 0x000000000
[1533]outputPort_3_Daemon>	send_information
[1533]outputPort_3_Daemon>		started_new_packet		:= 0x0
[1533]outputPort_3_Daemon>		next_active_packet		:= 0x2
[1533]outputPort_3_Daemon>		send_flag		:= 0x1
[1533]outputPort_3_Daemon>		p1_valid		:= 0x0
[1533]outputPort_3_Daemon>		p2_valid		:= 0x1
[1533]outputPort_3_Daemon>		p3_valid		:= 0x0
[1533]outputPort_3_Daemon>		p4_valid		:= 0x0
[1534]outputPort_3_Daemon>	state_summary
[1534]outputPort_3_Daemon>		active_packet		:= 0x2
[1534]outputPort_3_Daemon>		down_counter		:= 0x000f
[1534]outputPort_3_Daemon>		priority_queue		:= 0x2
[1534]outputPort_3_Daemon>		read_from_1		:= 0x1
[1534]outputPort_3_Daemon>		pkt_1_e_word		:= 0x000000000
[1534]outputPort_3_Daemon>		read_from_2		:= 0x1
[1534]outputPort_3_Daemon>		pkt_2_e_word		:= 0x100000029
[1534]outputPort_3_Daemon>		read_from_3		:= 0x1
[1534]outputPort_3_Daemon>		pkt_3_e_word		:= 0x000000000
[1534]outputPort_3_Daemon>		read_from_4		:= 0x1
[1534]outputPort_3_Daemon>		pkt_4_e_word		:= 0x000000000
[1536]outputPort_3_Daemon>	send_information
[1536]outputPort_3_Daemon>		started_new_packet		:= 0x0
[1536]outputPort_3_Daemon>		next_active_packet		:= 0x2
[1536]outputPort_3_Daemon>		send_flag		:= 0x1
[1536]outputPort_3_Daemon>		p1_valid		:= 0x0
[1536]outputPort_3_Daemon>		p2_valid		:= 0x1
[1536]outputPort_3_Daemon>		p3_valid		:= 0x0
[1536]outputPort_3_Daemon>		p4_valid		:= 0x0
[1537]outputPort_3_Daemon>	state_summary
[1537]outputPort_3_Daemon>		active_packet		:= 0x2
[1537]outputPort_3_Daemon>		down_counter		:= 0x000e
[1537]outputPort_3_Daemon>		priority_queue		:= 0x2
[1537]outputPort_3_Daemon>		read_from_1		:= 0x1
[1537]outputPort_3_Daemon>		pkt_1_e_word		:= 0x000000000
[1537]outputPort_3_Daemon>		read_from_2		:= 0x1
[1537]outputPort_3_Daemon>		pkt_2_e_word		:= 0x10000002a
[1537]outputPort_3_Daemon>		read_from_3		:= 0x1
[1537]outputPort_3_Daemon>		pkt_3_e_word		:= 0x000000000
[1537]outputPort_3_Daemon>		read_from_4		:= 0x1
[1537]outputPort_3_Daemon>		pkt_4_e_word		:= 0x000000000
[1539]outputPort_3_Daemon>	send_information
[1539]outputPort_3_Daemon>		started_new_packet		:= 0x0
[1539]outputPort_3_Daemon>		next_active_packet		:= 0x2
[1539]outputPort_3_Daemon>		send_flag		:= 0x1
[1539]outputPort_3_Daemon>		p1_valid		:= 0x0
[1539]outputPort_3_Daemon>		p2_valid		:= 0x1
[1539]outputPort_3_Daemon>		p3_valid		:= 0x0
[1539]outputPort_3_Daemon>		p4_valid		:= 0x0
[1540]outputPort_3_Daemon>	state_summary
[1540]outputPort_3_Daemon>		active_packet		:= 0x2
[1540]outputPort_3_Daemon>		down_counter		:= 0x000d
[1540]outputPort_3_Daemon>		priority_queue		:= 0x2
[1540]outputPort_3_Daemon>		read_from_1		:= 0x1
[1540]outputPort_3_Daemon>		pkt_1_e_word		:= 0x000000000
[1540]outputPort_3_Daemon>		read_from_2		:= 0x1
[1540]outputPort_3_Daemon>		pkt_2_e_word		:= 0x10000002b
[1540]outputPort_3_Daemon>		read_from_3		:= 0x1
[1540]outputPort_3_Daemon>		pkt_3_e_word		:= 0x000000000
[1540]outputPort_3_Daemon>		read_from_4		:= 0x1
[1540]outputPort_3_Daemon>		pkt_4_e_word		:= 0x000000000
[1542]outputPort_3_Daemon>	send_information
[1542]outputPort_3_Daemon>		started_new_packet		:= 0x0
[1542]outputPort_3_Daemon>		next_active_packet		:= 0x2
[1542]outputPort_3_Daemon>		send_flag		:= 0x1
[1542]outputPort_3_Daemon>		p1_valid		:= 0x0
[1542]outputPort_3_Daemon>		p2_valid		:= 0x1
[1542]outputPort_3_Daemon>		p3_valid		:= 0x0
[1542]outputPort_3_Daemon>		p4_valid		:= 0x0
[1543]outputPort_3_Daemon>	state_summary
[1543]outputPort_3_Daemon>		active_packet		:= 0x2
[1543]outputPort_3_Daemon>		down_counter		:= 0x000c
[1543]outputPort_3_Daemon>		priority_queue		:= 0x2
[1543]outputPort_3_Daemon>		read_from_1		:= 0x1
[1543]outputPort_3_Daemon>		pkt_1_e_word		:= 0x000000000
[1543]outputPort_3_Daemon>		read_from_2		:= 0x1
[1543]outputPort_3_Daemon>		pkt_2_e_word		:= 0x10000002c
[1543]outputPort_3_Daemon>		read_from_3		:= 0x1
[1543]outputPort_3_Daemon>		pkt_3_e_word		:= 0x000000000
[1543]outputPort_3_Daemon>		read_from_4		:= 0x1
[1543]outputPort_3_Daemon>		pkt_4_e_word		:= 0x000000000
[1568]outputPort_3_Daemon>	send_information
[1568]outputPort_3_Daemon>		started_new_packet		:= 0x0
[1568]outputPort_3_Daemon>		next_active_packet		:= 0x2
[1568]outputPort_3_Daemon>		send_flag		:= 0x1
[1568]outputPort_3_Daemon>		p1_valid		:= 0x0
[1568]outputPort_3_Daemon>		p2_valid		:= 0x1
[1568]outputPort_3_Daemon>		p3_valid		:= 0x0
[1568]outputPort_3_Daemon>		p4_valid		:= 0x0
[1569]outputPort_3_Daemon>	state_summary
[1569]outputPort_3_Daemon>		active_packet		:= 0x2
[1569]outputPort_3_Daemon>		down_counter		:= 0x000b
[1569]outputPort_3_Daemon>		priority_queue		:= 0x2
[1569]outputPort_3_Daemon>		read_from_1		:= 0x1
[1569]outputPort_3_Daemon>		pkt_1_e_word		:= 0x000000000
[1569]outputPort_3_Daemon>		read_from_2		:= 0x1
[1569]outputPort_3_Daemon>		pkt_2_e_word		:= 0x10000002d
[1569]outputPort_3_Daemon>		read_from_3		:= 0x1
[1569]outputPort_3_Daemon>		pkt_3_e_word		:= 0x000000000
[1569]outputPort_3_Daemon>		read_from_4		:= 0x1
[1569]outputPort_3_Daemon>		pkt_4_e_word		:= 0x000000000
[1573]outputPort_3_Daemon>	send_information
[1573]outputPort_3_Daemon>		started_new_packet		:= 0x0
[1573]outputPort_3_Daemon>		next_active_packet		:= 0x2
[1573]outputPort_3_Daemon>		send_flag		:= 0x1
[1573]outputPort_3_Daemon>		p1_valid		:= 0x0
[1573]outputPort_3_Daemon>		p2_valid		:= 0x1
[1573]outputPort_3_Daemon>		p3_valid		:= 0x0
[1573]outputPort_3_Daemon>		p4_valid		:= 0x0
[1575]outputPort_3_Daemon>	state_summary
[1575]outputPort_3_Daemon>		active_packet		:= 0x2
[1575]outputPort_3_Daemon>		down_counter		:= 0x000a
[1575]outputPort_3_Daemon>		priority_queue		:= 0x2
[1575]outputPort_3_Daemon>		read_from_1		:= 0x1
[1575]outputPort_3_Daemon>		pkt_1_e_word		:= 0x000000000
[1575]outputPort_3_Daemon>		read_from_2		:= 0x1
[1575]outputPort_3_Daemon>		pkt_2_e_word		:= 0x10000002e
[1575]outputPort_3_Daemon>		read_from_3		:= 0x1
[1575]outputPort_3_Daemon>		pkt_3_e_word		:= 0x000000000
[1575]outputPort_3_Daemon>		read_from_4		:= 0x1
[1575]outputPort_3_Daemon>		pkt_4_e_word		:= 0x000000000
[1584]outputPort_3_Daemon>	send_information
[1584]outputPort_3_Daemon>		started_new_packet		:= 0x0
[1584]outputPort_3_Daemon>		next_active_packet		:= 0x2
[1584]outputPort_3_Daemon>		send_flag		:= 0x1
[1584]outputPort_3_Daemon>		p1_valid		:= 0x0
[1584]outputPort_3_Daemon>		p2_valid		:= 0x1
[1584]outputPort_3_Daemon>		p3_valid		:= 0x0
[1584]outputPort_3_Daemon>		p4_valid		:= 0x0
[1585]outputPort_3_Daemon>	state_summary
[1585]outputPort_3_Daemon>		active_packet		:= 0x2
[1585]outputPort_3_Daemon>		down_counter		:= 0x0009
[1585]outputPort_3_Daemon>		priority_queue		:= 0x2
[1585]outputPort_3_Daemon>		read_from_1		:= 0x1
[1585]outputPort_3_Daemon>		pkt_1_e_word		:= 0x000000000
[1585]outputPort_3_Daemon>		read_from_2		:= 0x1
[1585]outputPort_3_Daemon>		pkt_2_e_word		:= 0x10000002f
[1585]outputPort_3_Daemon>		read_from_3		:= 0x1
[1585]outputPort_3_Daemon>		pkt_3_e_word		:= 0x000000000
[1585]outputPort_3_Daemon>		read_from_4		:= 0x1
[1585]outputPort_3_Daemon>		pkt_4_e_word		:= 0x000000000
[1601]outputPort_3_Daemon>	send_information
[1601]outputPort_3_Daemon>		started_new_packet		:= 0x0
[1601]outputPort_3_Daemon>		next_active_packet		:= 0x2
[1601]outputPort_3_Daemon>		send_flag		:= 0x1
[1601]outputPort_3_Daemon>		p1_valid		:= 0x0
[1601]outputPort_3_Daemon>		p2_valid		:= 0x1
[1601]outputPort_3_Daemon>		p3_valid		:= 0x0
[1601]outputPort_3_Daemon>		p4_valid		:= 0x0
[1682]outputPort_3_Daemon>	state_summary
[1682]outputPort_3_Daemon>		active_packet		:= 0x2
[1682]outputPort_3_Daemon>		down_counter		:= 0x0008
[1682]outputPort_3_Daemon>		priority_queue		:= 0x2
[1682]outputPort_3_Daemon>		read_from_1		:= 0x1
[1682]outputPort_3_Daemon>		pkt_1_e_word		:= 0x000000000
[1682]outputPort_3_Daemon>		read_from_2		:= 0x1
[1682]outputPort_3_Daemon>		pkt_2_e_word		:= 0x100000030
[1682]outputPort_3_Daemon>		read_from_3		:= 0x1
[1682]outputPort_3_Daemon>		pkt_3_e_word		:= 0x000000000
[1682]outputPort_3_Daemon>		read_from_4		:= 0x1
[1682]outputPort_3_Daemon>		pkt_4_e_word		:= 0x000000000
[1702]outputPort_3_Daemon>	send_information
[1702]outputPort_3_Daemon>		started_new_packet		:= 0x0
[1702]outputPort_3_Daemon>		next_active_packet		:= 0x2
[1702]outputPort_3_Daemon>		send_flag		:= 0x1
[1702]outputPort_3_Daemon>		p1_valid		:= 0x0
[1702]outputPort_3_Daemon>		p2_valid		:= 0x1
[1702]outputPort_3_Daemon>		p3_valid		:= 0x0
[1702]outputPort_3_Daemon>		p4_valid		:= 0x0
[1703]outputPort_3_Daemon>	state_summary
[1703]outputPort_3_Daemon>		active_packet		:= 0x2
[1703]outputPort_3_Daemon>		down_counter		:= 0x0007
[1703]outputPort_3_Daemon>		priority_queue		:= 0x2
[1703]outputPort_3_Daemon>		read_from_1		:= 0x1
[1703]outputPort_3_Daemon>		pkt_1_e_word		:= 0x000000000
[1703]outputPort_3_Daemon>		read_from_2		:= 0x1
[1703]outputPort_3_Daemon>		pkt_2_e_word		:= 0x100000031
[1703]outputPort_3_Daemon>		read_from_3		:= 0x1
[1703]outputPort_3_Daemon>		pkt_3_e_word		:= 0x000000000
[1703]outputPort_3_Daemon>		read_from_4		:= 0x1
[1703]outputPort_3_Daemon>		pkt_4_e_word		:= 0x000000000
[1846]outputPort_3_Daemon>	send_information
[1846]outputPort_3_Daemon>		started_new_packet		:= 0x0
[1846]outputPort_3_Daemon>		next_active_packet		:= 0x2
[1846]outputPort_3_Daemon>		send_flag		:= 0x1
[1846]outputPort_3_Daemon>		p1_valid		:= 0x0
[1846]outputPort_3_Daemon>		p2_valid		:= 0x1
[1846]outputPort_3_Daemon>		p3_valid		:= 0x0
[1846]outputPort_3_Daemon>		p4_valid		:= 0x0
[1847]outputPort_3_Daemon>	state_summary
[1847]outputPort_3_Daemon>		active_packet		:= 0x2
[1847]outputPort_3_Daemon>		down_counter		:= 0x0006
[1847]outputPort_3_Daemon>		priority_queue		:= 0x2
[1847]outputPort_3_Daemon>		read_from_1		:= 0x1
[1847]outputPort_3_Daemon>		pkt_1_e_word		:= 0x000000000
[1847]outputPort_3_Daemon>		read_from_2		:= 0x1
[1847]outputPort_3_Daemon>		pkt_2_e_word		:= 0x100000032
[1847]outputPort_3_Daemon>		read_from_3		:= 0x1
[1847]outputPort_3_Daemon>		pkt_3_e_word		:= 0x000000000
[1847]outputPort_3_Daemon>		read_from_4		:= 0x1
[1847]outputPort_3_Daemon>		pkt_4_e_word		:= 0x000000000
[1849]outputPort_3_Daemon>	send_information
[1849]outputPort_3_Daemon>		started_new_packet		:= 0x0
[1849]outputPort_3_Daemon>		next_active_packet		:= 0x2
[1849]outputPort_3_Daemon>		send_flag		:= 0x1
[1849]outputPort_3_Daemon>		p1_valid		:= 0x0
[1849]outputPort_3_Daemon>		p2_valid		:= 0x1
[1849]outputPort_3_Daemon>		p3_valid		:= 0x0
[1849]outputPort_3_Daemon>		p4_valid		:= 0x0
[1850]outputPort_3_Daemon>	state_summary
[1850]outputPort_3_Daemon>		active_packet		:= 0x2
[1850]outputPort_3_Daemon>		down_counter		:= 0x0005
[1850]outputPort_3_Daemon>		priority_queue		:= 0x2
[1850]outputPort_3_Daemon>		read_from_1		:= 0x1
[1850]outputPort_3_Daemon>		pkt_1_e_word		:= 0x000000000
[1850]outputPort_3_Daemon>		read_from_2		:= 0x1
[1850]outputPort_3_Daemon>		pkt_2_e_word		:= 0x100000033
[1850]outputPort_3_Daemon>		read_from_3		:= 0x1
[1850]outputPort_3_Daemon>		pkt_3_e_word		:= 0x000000000
[1850]outputPort_3_Daemon>		read_from_4		:= 0x1
[1850]outputPort_3_Daemon>		pkt_4_e_word		:= 0x000000000
[1909]outputPort_3_Daemon>	send_information
[1909]outputPort_3_Daemon>		started_new_packet		:= 0x0
[1909]outputPort_3_Daemon>		next_active_packet		:= 0x2
[1909]outputPort_3_Daemon>		send_flag		:= 0x1
[1909]outputPort_3_Daemon>		p1_valid		:= 0x0
[1909]outputPort_3_Daemon>		p2_valid		:= 0x1
[1909]outputPort_3_Daemon>		p3_valid		:= 0x0
[1909]outputPort_3_Daemon>		p4_valid		:= 0x0
[1910]outputPort_3_Daemon>	state_summary
[1910]outputPort_3_Daemon>		active_packet		:= 0x2
[1910]outputPort_3_Daemon>		down_counter		:= 0x0004
[1910]outputPort_3_Daemon>		priority_queue		:= 0x2
[1910]outputPort_3_Daemon>		read_from_1		:= 0x1
[1910]outputPort_3_Daemon>		pkt_1_e_word		:= 0x000000000
[1910]outputPort_3_Daemon>		read_from_2		:= 0x1
[1910]outputPort_3_Daemon>		pkt_2_e_word		:= 0x100000034
[1910]outputPort_3_Daemon>		read_from_3		:= 0x1
[1910]outputPort_3_Daemon>		pkt_3_e_word		:= 0x000000000
[1910]outputPort_3_Daemon>		read_from_4		:= 0x1
[1910]outputPort_3_Daemon>		pkt_4_e_word		:= 0x000000000
[2249]outputPort_3_Daemon>	send_information
[2249]outputPort_3_Daemon>		started_new_packet		:= 0x0
[2249]outputPort_3_Daemon>		next_active_packet		:= 0x2
[2249]outputPort_3_Daemon>		send_flag		:= 0x1
[2249]outputPort_3_Daemon>		p1_valid		:= 0x0
[2249]outputPort_3_Daemon>		p2_valid		:= 0x1
[2249]outputPort_3_Daemon>		p3_valid		:= 0x0
[2249]outputPort_3_Daemon>		p4_valid		:= 0x0
[2250]outputPort_3_Daemon>	state_summary
[2250]outputPort_3_Daemon>		active_packet		:= 0x2
[2250]outputPort_3_Daemon>		down_counter		:= 0x0003
[2250]outputPort_3_Daemon>		priority_queue		:= 0x2
[2250]outputPort_3_Daemon>		read_from_1		:= 0x1
[2250]outputPort_3_Daemon>		pkt_1_e_word		:= 0x000000000
[2250]outputPort_3_Daemon>		read_from_2		:= 0x1
[2250]outputPort_3_Daemon>		pkt_2_e_word		:= 0x100000035
[2250]outputPort_3_Daemon>		read_from_3		:= 0x1
[2250]outputPort_3_Daemon>		pkt_3_e_word		:= 0x000000000
[2250]outputPort_3_Daemon>		read_from_4		:= 0x1
[2250]outputPort_3_Daemon>		pkt_4_e_word		:= 0x000000000
[2252]outputPort_3_Daemon>	send_information
[2252]outputPort_3_Daemon>		started_new_packet		:= 0x0
[2252]outputPort_3_Daemon>		next_active_packet		:= 0x2
[2252]outputPort_3_Daemon>		send_flag		:= 0x1
[2252]outputPort_3_Daemon>		p1_valid		:= 0x0
[2252]outputPort_3_Daemon>		p2_valid		:= 0x1
[2252]outputPort_3_Daemon>		p3_valid		:= 0x0
[2252]outputPort_3_Daemon>		p4_valid		:= 0x0
[2253]outputPort_3_Daemon>	state_summary
[2253]outputPort_3_Daemon>		active_packet		:= 0x2
[2253]outputPort_3_Daemon>		down_counter		:= 0x0002
[2253]outputPort_3_Daemon>		priority_queue		:= 0x2
[2253]outputPort_3_Daemon>		read_from_1		:= 0x1
[2253]outputPort_3_Daemon>		pkt_1_e_word		:= 0x000000000
[2253]outputPort_3_Daemon>		read_from_2		:= 0x1
[2253]outputPort_3_Daemon>		pkt_2_e_word		:= 0x100000036
[2253]outputPort_3_Daemon>		read_from_3		:= 0x1
[2253]outputPort_3_Daemon>		pkt_3_e_word		:= 0x000000000
[2253]outputPort_3_Daemon>		read_from_4		:= 0x1
[2253]outputPort_3_Daemon>		pkt_4_e_word		:= 0x000000000
[2255]outputPort_3_Daemon>	send_information
[2255]outputPort_3_Daemon>		started_new_packet		:= 0x0
[2255]outputPort_3_Daemon>		next_active_packet		:= 0x2
[2255]outputPort_3_Daemon>		send_flag		:= 0x1
[2255]outputPort_3_Daemon>		p1_valid		:= 0x0
[2255]outputPort_3_Daemon>		p2_valid		:= 0x1
[2255]outputPort_3_Daemon>		p3_valid		:= 0x0
[2255]outputPort_3_Daemon>		p4_valid		:= 0x0
[2256]outputPort_3_Daemon>	state_summary
[2256]outputPort_3_Daemon>		active_packet		:= 0x2
[2256]outputPort_3_Daemon>		down_counter		:= 0x0001
[2256]outputPort_3_Daemon>		priority_queue		:= 0x2
[2256]outputPort_3_Daemon>		read_from_1		:= 0x1
[2256]outputPort_3_Daemon>		pkt_1_e_word		:= 0x000000000
[2256]outputPort_3_Daemon>		read_from_2		:= 0x1
[2256]outputPort_3_Daemon>		pkt_2_e_word		:= 0x100000037
[2256]outputPort_3_Daemon>		read_from_3		:= 0x1
[2256]outputPort_3_Daemon>		pkt_3_e_word		:= 0x000000000
[2256]outputPort_3_Daemon>		read_from_4		:= 0x1
[2256]outputPort_3_Daemon>		pkt_4_e_word		:= 0x000000000
[2258]outputPort_3_Daemon>	send_information
[2258]outputPort_3_Daemon>		started_new_packet		:= 0x0
[2258]outputPort_3_Daemon>		next_active_packet		:= 0x2
[2258]outputPort_3_Daemon>		send_flag		:= 0x1
[2258]outputPort_3_Daemon>		p1_valid		:= 0x0
[2258]outputPort_3_Daemon>		p2_valid		:= 0x1
[2258]outputPort_3_Daemon>		p3_valid		:= 0x0
[2258]outputPort_3_Daemon>		p4_valid		:= 0x0
[2259]outputPort_3_Daemon>	state_summary
[2259]outputPort_3_Daemon>		active_packet		:= 0x2
[2259]outputPort_3_Daemon>		down_counter		:= 0x0000
[2259]outputPort_3_Daemon>		priority_queue		:= 0x2
[2259]outputPort_3_Daemon>		read_from_1		:= 0x1
[2259]outputPort_3_Daemon>		pkt_1_e_word		:= 0x000000000
[2259]outputPort_3_Daemon>		read_from_2		:= 0x1
[2259]outputPort_3_Daemon>		pkt_2_e_word		:= 0x103003806
[2259]outputPort_3_Daemon>		read_from_3		:= 0x1
[2259]outputPort_3_Daemon>		pkt_3_e_word		:= 0x000000000
[2259]outputPort_3_Daemon>		read_from_4		:= 0x1
[2259]outputPort_3_Daemon>		pkt_4_e_word		:= 0x000000000
[2261]outputPort_3_Daemon>	send_information
[2261]outputPort_3_Daemon>		started_new_packet		:= 0x1
[2261]outputPort_3_Daemon>		next_active_packet		:= 0x2
[2261]outputPort_3_Daemon>		send_flag		:= 0x1
[2261]outputPort_3_Daemon>		p1_valid		:= 0x0
[2261]outputPort_3_Daemon>		p2_valid		:= 0x1
[2261]outputPort_3_Daemon>		p3_valid		:= 0x0
[2261]outputPort_3_Daemon>		p4_valid		:= 0x0
[2262]outputPort_3_Daemon>	state_summary
[2262]outputPort_3_Daemon>		active_packet		:= 0x2
[2262]outputPort_3_Daemon>		down_counter		:= 0x0037
[2262]outputPort_3_Daemon>		priority_queue		:= 0x3
[2262]outputPort_3_Daemon>		read_from_1		:= 0x1
[2262]outputPort_3_Daemon>		pkt_1_e_word		:= 0x000000000
[2262]outputPort_3_Daemon>		read_from_2		:= 0x1
[2262]outputPort_3_Daemon>		pkt_2_e_word		:= 0x100000001
[2262]outputPort_3_Daemon>		read_from_3		:= 0x1
[2262]outputPort_3_Daemon>		pkt_3_e_word		:= 0x000000000
[2262]outputPort_3_Daemon>		read_from_4		:= 0x1
[2262]outputPort_3_Daemon>		pkt_4_e_word		:= 0x000000000
[2264]outputPort_3_Daemon>	send_information
[2264]outputPort_3_Daemon>		started_new_packet		:= 0x0
[2264]outputPort_3_Daemon>		next_active_packet		:= 0x2
[2264]outputPort_3_Daemon>		send_flag		:= 0x1
[2264]outputPort_3_Daemon>		p1_valid		:= 0x0
[2264]outputPort_3_Daemon>		p2_valid		:= 0x1
[2264]outputPort_3_Daemon>		p3_valid		:= 0x0
[2264]outputPort_3_Daemon>		p4_valid		:= 0x0
[2265]outputPort_3_Daemon>	state_summary
[2265]outputPort_3_Daemon>		active_packet		:= 0x2
[2265]outputPort_3_Daemon>		down_counter		:= 0x0036
[2265]outputPort_3_Daemon>		priority_queue		:= 0x3
[2265]outputPort_3_Daemon>		read_from_1		:= 0x1
[2265]outputPort_3_Daemon>		pkt_1_e_word		:= 0x000000000
[2265]outputPort_3_Daemon>		read_from_2		:= 0x1
[2265]outputPort_3_Daemon>		pkt_2_e_word		:= 0x100000002
[2265]outputPort_3_Daemon>		read_from_3		:= 0x1
[2265]outputPort_3_Daemon>		pkt_3_e_word		:= 0x000000000
[2265]outputPort_3_Daemon>		read_from_4		:= 0x1
[2265]outputPort_3_Daemon>		pkt_4_e_word		:= 0x000000000
